Using pre-set license
Built from '2020.3/staging' branch; Version is '2020.3.16f1 (049d6eca3c44) revision 302446'; Using compiler version '192528614'; Build Type 'Release'
OS: 'Windows 10 Pro; OS build 19043.1237; Version 2009; 64bit' Language: 'en' Physical Memory: 16315 MB
BatchMode: 1, IsHumanControllingUs: 0, StartBugReporterOnCrash: 0, Is64bit: 1, IsPro: 0

 COMMAND LINE ARGUMENTS:
C:\Program Files\Unity\Hub\Editor\2020.3.16f1\Editor\Unity.exe
-adb2
-batchMode
-noUpm
-name
AssetImportWorker0
-projectPath
C:/Users/Dylan/Desktop/Tutorial_3_2
-logFile
Logs/AssetImportWorker0.log
-srvPort
62332
Successfully changed project path to: C:/Users/Dylan/Desktop/Tutorial_3_2
C:/Users/Dylan/Desktop/Tutorial_3_2
Using Asset Import Pipeline V2.
Refreshing native plugins compatible for Editor in 35.77 ms, found 3 plugins.
Preloading 0 native plugins for Editor in 0.00 ms.
Initialize engine version: 2020.3.16f1 (049d6eca3c44)
[Subsystems] Discovering subsystems at path C:/Program Files/Unity/Hub/Editor/2020.3.16f1/Editor/Data/Resources/UnitySubsystems
[Subsystems] Discovering subsystems at path C:/Users/Dylan/Desktop/Tutorial_3_2/Assets
GfxDevice: creating device client; threaded=0
Direct3D:
    Version:  Direct3D 11.0 [level 11.1]
    Renderer: NVIDIA GeForce GTX 1660 (ID=0x2184)
    Vendor:   
    VRAM:     5991 MB
    Driver:   30.0.14.7141
Initialize mono
Mono path[0] = 'C:/Program Files/Unity/Hub/Editor/2020.3.16f1/Editor/Data/Managed'
Mono path[1] = 'C:/Program Files/Unity/Hub/Editor/2020.3.16f1/Editor/Data/MonoBleedingEdge/lib/mono/unityjit'
Mono config path = 'C:/Program Files/Unity/Hub/Editor/2020.3.16f1/Editor/Data/MonoBleedingEdge/etc'
Using monoOptions --debugger-agent=transport=dt_socket,embedding=1,server=y,suspend=n,address=127.0.0.1:56360
Begin MonoManager ReloadAssembly
Registering precompiled unity dll's ...
Register platform support module: C:/Program Files/Unity/Hub/Editor/2020.3.16f1/Editor/Data/PlaybackEngines/WindowsStandaloneSupport/UnityEditor.WindowsStandalone.Extensions.dll
Registered in 0.002712 seconds.
Native extension for WindowsStandalone target not found
Refreshing native plugins compatible for Editor in 34.88 ms, found 3 plugins.
Preloading 0 native plugins for Editor in 0.00 ms.
Mono: successfully reloaded assembly
- Completed reload, in  1.071 seconds
Domain Reload Profiling:
	ReloadAssembly (1072ms)
		BeginReloadAssembly (50ms)
			ExecutionOrderSort (0ms)
			DisableScriptedObjects (0ms)
			BackupInstance (0ms)
			ReleaseScriptingObjects (0ms)
			CreateAndSetChildDomain (1ms)
		EndReloadAssembly (402ms)
			LoadAssemblies (48ms)
			RebuildTransferFunctionScriptingTraits (0ms)
			SetupTypeCache (166ms)
			ReleaseScriptCaches (0ms)
			RebuildScriptCaches (26ms)
			SetupLoadedEditorAssemblies (140ms)
				LogAssemblyErrors (0ms)
				InitializePlatformSupportModulesInManaged (3ms)
				SetLoadedEditorAssemblies (0ms)
				RefreshPlugins (35ms)
				BeforeProcessingInitializeOnLoad (8ms)
				ProcessInitializeOnLoadAttributes (69ms)
				ProcessInitializeOnLoadMethodAttributes (24ms)
				AfterProcessingInitializeOnLoad (0ms)
				EditorAssembliesLoaded (0ms)
			ExecutionOrderSort2 (0ms)
			AwakeInstancesAfterBackupRestoration (0ms)
Platform modules already initialized, skipping
Registering precompiled user dll's ...
Registered in 0.004725 seconds.
Begin MonoManager ReloadAssembly
Native extension for WindowsStandalone target not found
Refreshing native plugins compatible for Editor in 49.47 ms, found 3 plugins.
Preloading 0 native plugins for Editor in 0.00 ms.
Mono: successfully reloaded assembly
- Completed reload, in  1.127 seconds
Domain Reload Profiling:
	ReloadAssembly (1128ms)
		BeginReloadAssembly (130ms)
			ExecutionOrderSort (0ms)
			DisableScriptedObjects (4ms)
			BackupInstance (0ms)
			ReleaseScriptingObjects (0ms)
			CreateAndSetChildDomain (17ms)
		EndReloadAssembly (933ms)
			LoadAssemblies (86ms)
			RebuildTransferFunctionScriptingTraits (0ms)
			SetupTypeCache (296ms)
			ReleaseScriptCaches (0ms)
			RebuildScriptCaches (46ms)
			SetupLoadedEditorAssemblies (384ms)
				LogAssemblyErrors (0ms)
				InitializePlatformSupportModulesInManaged (4ms)
				SetLoadedEditorAssemblies (0ms)
				RefreshPlugins (50ms)
				BeforeProcessingInitializeOnLoad (65ms)
				ProcessInitializeOnLoadAttributes (245ms)
				ProcessInitializeOnLoadMethodAttributes (13ms)
				AfterProcessingInitializeOnLoad (8ms)
				EditorAssembliesLoaded (0ms)
			ExecutionOrderSort2 (0ms)
			AwakeInstancesAfterBackupRestoration (7ms)
Platform modules already initialized, skipping
========================================================================
Worker process is ready to serve import requests
Launched and connected shader compiler UnityShaderCompiler.exe after 0.05 seconds
Refreshing native plugins compatible for Editor in 0.55 ms, found 3 plugins.
Preloading 0 native plugins for Editor in 0.00 ms.
Unloading 2093 Unused Serialized files (Serialized files now loaded: 0)
System memory in use before: 93.0 MB.
System memory in use after: 93.1 MB.

Unloading 28 unused Assets to reduce memory usage. Loaded Objects now: 2530.
Total: 3.226500 ms (FindLiveObjects: 0.237800 ms CreateObjectMapping: 0.120100 ms MarkObjects: 2.750900 ms  DeleteObjects: 0.116600 ms)

AssetImportParameters requested are different than current active one (requested -> active):
  custom:framework-win-MediaFoundation: 216162199b28c13a410421893ffa2e32 -> 
  custom:video-decoder-ogg-theora: a1e56fd34408186e4bbccfd4996cb3dc -> 
  custom:container-muxer-webm: aa71ff27fc2769a1b78a27578f13a17b -> 
  custom:container-demuxer-webm: 4f35f7cbe854078d1ac9338744f61a02 -> 
  custom:container-demuxer-ogg: 62fdf1f143b41e24485cea50d1cbac27 -> 
  custom:video-encoder-webm-vp8: eb34c28f22e8b96e1ab97ce403110664 -> 
  custom:video-decoder-webm-vp8: 9c59270c3fd7afecdb556c50c9e8de78 -> 
  custom:audio-decoder-ogg-vorbis: bf7c407c2cedff20999df2af8eb42d56 -> 
  custom:audio-encoder-webm-vorbis: bf7c407c2cedff20999df2af8eb42d56 -> 
========================================================================
Received Import Request.
  path: Assets/Sounds
  artifactKey: Guid(d33bc49b7ec10d141a07f58b137b097c) Importer(815301076,1909f56bfc062723c751e8b465ee728b)
Start importing Assets/Sounds using Guid(d33bc49b7ec10d141a07f58b137b097c) Importer(815301076,1909f56bfc062723c751e8b465ee728b)  -> (artifact id: '317b30843af577fa41bcab5c3dc0324b') in 0.005241 seconds 
  Import took 0.008585 seconds .

========================================================================
Received Import Request.
  Time since last request: 12.288922 seconds.
  path: Assets/Scripts
  artifactKey: Guid(9040602be57c55a438f00271d16df609) Importer(815301076,1909f56bfc062723c751e8b465ee728b)
Start importing Assets/Scripts using Guid(9040602be57c55a438f00271d16df609) Importer(815301076,1909f56bfc062723c751e8b465ee728b)  -> (artifact id: '5ff210a8cb2a74383f64ad4b6186b661') in 0.002841 seconds 
  Import took 0.006701 seconds .

========================================================================
Received Import Request.
  Time since last request: 0.000991 seconds.
  path: Assets/Scripts
  artifactKey: Guid(9040602be57c55a438f00271d16df609) Importer(815301076,1909f56bfc062723c751e8b465ee728b)
Start importing Assets/Scripts using Guid(9040602be57c55a438f00271d16df609) Importer(815301076,1909f56bfc062723c751e8b465ee728b)  -> (artifact id: '5ff210a8cb2a74383f64ad4b6186b661') in 0.002297 seconds 
  Import took 0.005249 seconds .

========================================================================
Received Prepare
Registering precompiled user dll's ...
Registered in 0.004386 seconds.
Begin MonoManager ReloadAssembly
Native extension for WindowsStandalone target not found
Refreshing native plugins compatible for Editor in 0.41 ms, found 3 plugins.
Preloading 0 native plugins for Editor in 0.00 ms.
Mono: successfully reloaded assembly
- Completed reload, in  0.985 seconds
Domain Reload Profiling:
	ReloadAssembly (985ms)
		BeginReloadAssembly (117ms)
			ExecutionOrderSort (0ms)
			DisableScriptedObjects (5ms)
			BackupInstance (0ms)
			ReleaseScriptingObjects (0ms)
			CreateAndSetChildDomain (34ms)
		EndReloadAssembly (812ms)
			LoadAssemblies (82ms)
			RebuildTransferFunctionScriptingTraits (0ms)
			SetupTypeCache (249ms)
			ReleaseScriptCaches (1ms)
			RebuildScriptCaches (47ms)
			SetupLoadedEditorAssemblies (337ms)
				LogAssemblyErrors (0ms)
				InitializePlatformSupportModulesInManaged (4ms)
				SetLoadedEditorAssemblies (0ms)
				RefreshPlugins (0ms)
				BeforeProcessingInitializeOnLoad (57ms)
				ProcessInitializeOnLoadAttributes (263ms)
				ProcessInitializeOnLoadMethodAttributes (5ms)
				AfterProcessingInitializeOnLoad (7ms)
				EditorAssembliesLoaded (0ms)
			ExecutionOrderSort2 (0ms)
			AwakeInstancesAfterBackupRestoration (10ms)
Platform modules already initialized, skipping
Refreshing native plugins compatible for Editor in 0.48 ms, found 3 plugins.
Preloading 0 native plugins for Editor in 0.00 ms.
Unloading 2083 Unused Serialized files (Serialized files now loaded: 0)
System memory in use before: 92.5 MB.
System memory in use after: 92.6 MB.

Unloading 16 unused Assets to reduce memory usage. Loaded Objects now: 2533.
Total: 4.413500 ms (FindLiveObjects: 0.447100 ms CreateObjectMapping: 0.103200 ms MarkObjects: 3.823000 ms  DeleteObjects: 0.037500 ms)

AssetImportParameters requested are different than current active one (requested -> active):
  custom:framework-win-MediaFoundation: 216162199b28c13a410421893ffa2e32 -> 
  custom:video-decoder-ogg-theora: a1e56fd34408186e4bbccfd4996cb3dc -> 
  custom:container-muxer-webm: aa71ff27fc2769a1b78a27578f13a17b -> 
  custom:container-demuxer-webm: 4f35f7cbe854078d1ac9338744f61a02 -> 
  custom:container-demuxer-ogg: 62fdf1f143b41e24485cea50d1cbac27 -> 
  custom:video-encoder-webm-vp8: eb34c28f22e8b96e1ab97ce403110664 -> 
  custom:video-decoder-webm-vp8: 9c59270c3fd7afecdb556c50c9e8de78 -> 
  custom:audio-decoder-ogg-vorbis: bf7c407c2cedff20999df2af8eb42d56 -> 
  custom:audio-encoder-webm-vorbis: bf7c407c2cedff20999df2af8eb42d56 -> 
========================================================================
Received Prepare
Registering precompiled user dll's ...
Registered in 0.004266 seconds.
Begin MonoManager ReloadAssembly
Native extension for WindowsStandalone target not found
Refreshing native plugins compatible for Editor in 0.42 ms, found 3 plugins.
Preloading 0 native plugins for Editor in 0.00 ms.
Mono: successfully reloaded assembly
- Completed reload, in  0.905 seconds
Domain Reload Profiling:
	ReloadAssembly (906ms)
		BeginReloadAssembly (99ms)
			ExecutionOrderSort (0ms)
			DisableScriptedObjects (5ms)
			BackupInstance (0ms)
			ReleaseScriptingObjects (0ms)
			CreateAndSetChildDomain (31ms)
		EndReloadAssembly (752ms)
			LoadAssemblies (81ms)
			RebuildTransferFunctionScriptingTraits (0ms)
			SetupTypeCache (240ms)
			ReleaseScriptCaches (1ms)
			RebuildScriptCaches (36ms)
			SetupLoadedEditorAssemblies (310ms)
				LogAssemblyErrors (0ms)
				InitializePlatformSupportModulesInManaged (4ms)
				SetLoadedEditorAssemblies (0ms)
				RefreshPlugins (0ms)
				BeforeProcessingInitializeOnLoad (54ms)
				ProcessInitializeOnLoadAttributes (239ms)
				ProcessInitializeOnLoadMethodAttributes (5ms)
				AfterProcessingInitializeOnLoad (7ms)
				EditorAssembliesLoaded (0ms)
			ExecutionOrderSort2 (0ms)
			AwakeInstancesAfterBackupRestoration (9ms)
Platform modules already initialized, skipping
Refreshing native plugins compatible for Editor in 0.46 ms, found 3 plugins.
Preloading 0 native plugins for Editor in 0.00 ms.
Unloading 2083 Unused Serialized files (Serialized files now loaded: 0)
System memory in use before: 92.5 MB.
System memory in use after: 92.7 MB.

Unloading 16 unused Assets to reduce memory usage. Loaded Objects now: 2536.
Total: 3.032000 ms (FindLiveObjects: 0.190900 ms CreateObjectMapping: 0.061400 ms MarkObjects: 2.763600 ms  DeleteObjects: 0.015100 ms)

AssetImportParameters requested are different than current active one (requested -> active):
  custom:framework-win-MediaFoundation: 216162199b28c13a410421893ffa2e32 -> 
  custom:video-decoder-ogg-theora: a1e56fd34408186e4bbccfd4996cb3dc -> 
  custom:container-muxer-webm: aa71ff27fc2769a1b78a27578f13a17b -> 
  custom:container-demuxer-webm: 4f35f7cbe854078d1ac9338744f61a02 -> 
  custom:container-demuxer-ogg: 62fdf1f143b41e24485cea50d1cbac27 -> 
  custom:video-encoder-webm-vp8: eb34c28f22e8b96e1ab97ce403110664 -> 
  custom:video-decoder-webm-vp8: 9c59270c3fd7afecdb556c50c9e8de78 -> 
  custom:audio-decoder-ogg-vorbis: bf7c407c2cedff20999df2af8eb42d56 -> 
  custom:audio-encoder-webm-vorbis: bf7c407c2cedff20999df2af8eb42d56 -> 
========================================================================
Received Import Request.
  Time since last request: 19.312516 seconds.
  path: Assets/Animations
  artifactKey: Guid(b144e2cb3bab59b43904979adb9f0da3) Importer(815301076,1909f56bfc062723c751e8b465ee728b)
Start importing Assets/Animations using Guid(b144e2cb3bab59b43904979adb9f0da3) Importer(815301076,1909f56bfc062723c751e8b465ee728b)  -> (artifact id: '37f1e56dfcf53493105c670e3f402f8f') in 0.005300 seconds 
  Import took 0.008348 seconds .

========================================================================
Received Import Request.
  Time since last request: 0.005119 seconds.
  path: Assets/Animations
  artifactKey: Guid(b144e2cb3bab59b43904979adb9f0da3) Importer(815301076,1909f56bfc062723c751e8b465ee728b)
Start importing Assets/Animations using Guid(b144e2cb3bab59b43904979adb9f0da3) Importer(815301076,1909f56bfc062723c751e8b465ee728b)  -> (artifact id: '37f1e56dfcf53493105c670e3f402f8f') in 0.002697 seconds 
  Import took 0.005719 seconds .

========================================================================
Received Import Request.
  Time since last request: 6.134926 seconds.
  path: Assets/Sprites
  artifactKey: Guid(96f3baf152f8ba044ab9ab63020c1659) Importer(815301076,1909f56bfc062723c751e8b465ee728b)
Start importing Assets/Sprites using Guid(96f3baf152f8ba044ab9ab63020c1659) Importer(815301076,1909f56bfc062723c751e8b465ee728b)  -> (artifact id: 'c076d4d320ebf84dc6306070ad80317c') in 0.002876 seconds 
  Import took 0.006234 seconds .

========================================================================
Received Import Request.
  Time since last request: 120.264383 seconds.
  path: Assets/Scripts/DogController.cs
  artifactKey: Guid(66214ef3787bd0b4ea1ed25b98321daa) Importer(815301076,1909f56bfc062723c751e8b465ee728b)
Start importing Assets/Scripts/DogController.cs using Guid(66214ef3787bd0b4ea1ed25b98321daa) Importer(815301076,1909f56bfc062723c751e8b465ee728b)  -> (artifact id: 'e8da03bb5ebb6c73d1928c361f1397e0') in 0.023893 seconds 
  Import took 0.026966 seconds .

========================================================================
Received Prepare
Registering precompiled user dll's ...
Registered in 0.004661 seconds.
Begin MonoManager ReloadAssembly
Native extension for WindowsStandalone target not found
Refreshing native plugins compatible for Editor in 0.54 ms, found 3 plugins.
Preloading 0 native plugins for Editor in 0.00 ms.
Mono: successfully reloaded assembly
- Completed reload, in  0.924 seconds
Domain Reload Profiling:
	ReloadAssembly (924ms)
		BeginReloadAssembly (110ms)
			ExecutionOrderSort (0ms)
			DisableScriptedObjects (6ms)
			BackupInstance (0ms)
			ReleaseScriptingObjects (0ms)
			CreateAndSetChildDomain (36ms)
		EndReloadAssembly (756ms)
			LoadAssemblies (83ms)
			RebuildTransferFunctionScriptingTraits (0ms)
			SetupTypeCache (243ms)
			ReleaseScriptCaches (1ms)
			RebuildScriptCaches (36ms)
			SetupLoadedEditorAssemblies (309ms)
				LogAssemblyErrors (0ms)
				InitializePlatformSupportModulesInManaged (4ms)
				SetLoadedEditorAssemblies (0ms)
				RefreshPlugins (1ms)
				BeforeProcessingInitializeOnLoad (55ms)
				ProcessInitializeOnLoadAttributes (236ms)
				ProcessInitializeOnLoadMethodAttributes (5ms)
				AfterProcessingInitializeOnLoad (7ms)
				EditorAssembliesLoaded (0ms)
			ExecutionOrderSort2 (0ms)
			AwakeInstancesAfterBackupRestoration (9ms)
Platform modules already initialized, skipping
Refreshing native plugins compatible for Editor in 0.40 ms, found 3 plugins.
Preloading 0 native plugins for Editor in 0.00 ms.
Unloading 2084 Unused Serialized files (Serialized files now loaded: 0)
System memory in use before: 92.6 MB.
System memory in use after: 92.7 MB.

Unloading 16 unused Assets to reduce memory usage. Loaded Objects now: 2540.
Total: 3.304800 ms (FindLiveObjects: 0.184800 ms CreateObjectMapping: 0.058700 ms MarkObjects: 3.043200 ms  DeleteObjects: 0.017400 ms)

AssetImportParameters requested are different than current active one (requested -> active):
  custom:framework-win-MediaFoundation: 216162199b28c13a410421893ffa2e32 -> 
  custom:video-decoder-ogg-theora: a1e56fd34408186e4bbccfd4996cb3dc -> 
  custom:container-muxer-webm: aa71ff27fc2769a1b78a27578f13a17b -> 
  custom:container-demuxer-webm: 4f35f7cbe854078d1ac9338744f61a02 -> 
  custom:container-demuxer-ogg: 62fdf1f143b41e24485cea50d1cbac27 -> 
  custom:video-encoder-webm-vp8: eb34c28f22e8b96e1ab97ce403110664 -> 
  custom:video-decoder-webm-vp8: 9c59270c3fd7afecdb556c50c9e8de78 -> 
  custom:audio-decoder-ogg-vorbis: bf7c407c2cedff20999df2af8eb42d56 -> 
  custom:audio-encoder-webm-vorbis: bf7c407c2cedff20999df2af8eb42d56 -> 
========================================================================
Received Prepare
Registering precompiled user dll's ...
Registered in 0.004605 seconds.
Begin MonoManager ReloadAssembly
Native extension for WindowsStandalone target not found
Refreshing native plugins compatible for Editor in 0.43 ms, found 3 plugins.
Preloading 0 native plugins for Editor in 0.00 ms.
Mono: successfully reloaded assembly
- Completed reload, in  0.936 seconds
Domain Reload Profiling:
	ReloadAssembly (936ms)
		BeginReloadAssembly (108ms)
			ExecutionOrderSort (0ms)
			DisableScriptedObjects (5ms)
			BackupInstance (0ms)
			ReleaseScriptingObjects (0ms)
			CreateAndSetChildDomain (30ms)
		EndReloadAssembly (773ms)
			LoadAssemblies (84ms)
			RebuildTransferFunctionScriptingTraits (0ms)
			SetupTypeCache (239ms)
			ReleaseScriptCaches (1ms)
			RebuildScriptCaches (38ms)
			SetupLoadedEditorAssemblies (319ms)
				LogAssemblyErrors (0ms)
				InitializePlatformSupportModulesInManaged (4ms)
				SetLoadedEditorAssemblies (0ms)
				RefreshPlugins (0ms)
				BeforeProcessingInitializeOnLoad (56ms)
				ProcessInitializeOnLoadAttributes (245ms)
				ProcessInitializeOnLoadMethodAttributes (5ms)
				AfterProcessingInitializeOnLoad (8ms)
				EditorAssembliesLoaded (0ms)
			ExecutionOrderSort2 (0ms)
			AwakeInstancesAfterBackupRestoration (9ms)
Platform modules already initialized, skipping
Refreshing native plugins compatible for Editor in 0.42 ms, found 3 plugins.
Preloading 0 native plugins for Editor in 0.00 ms.
Unloading 2083 Unused Serialized files (Serialized files now loaded: 0)
System memory in use before: 92.6 MB.
System memory in use after: 92.7 MB.

Unloading 17 unused Assets to reduce memory usage. Loaded Objects now: 2542.
Total: 2.676500 ms (FindLiveObjects: 0.186100 ms CreateObjectMapping: 0.065900 ms MarkObjects: 2.404700 ms  DeleteObjects: 0.018700 ms)

AssetImportParameters requested are different than current active one (requested -> active):
  custom:framework-win-MediaFoundation: 216162199b28c13a410421893ffa2e32 -> 
  custom:video-decoder-ogg-theora: a1e56fd34408186e4bbccfd4996cb3dc -> 
  custom:container-muxer-webm: aa71ff27fc2769a1b78a27578f13a17b -> 
  custom:container-demuxer-webm: 4f35f7cbe854078d1ac9338744f61a02 -> 
  custom:container-demuxer-ogg: 62fdf1f143b41e24485cea50d1cbac27 -> 
  custom:video-encoder-webm-vp8: eb34c28f22e8b96e1ab97ce403110664 -> 
  custom:video-decoder-webm-vp8: 9c59270c3fd7afecdb556c50c9e8de78 -> 
  custom:audio-decoder-ogg-vorbis: bf7c407c2cedff20999df2af8eb42d56 -> 
  custom:audio-encoder-webm-vorbis: bf7c407c2cedff20999df2af8eb42d56 -> 
========================================================================
Received Import Request.
  Time since last request: 165.569277 seconds.
  path: Assets/Sprites/Dead (1).png
  artifactKey: Guid(e3a9da71129886d45a081c5c8a4c9e58) Importer(815301076,1909f56bfc062723c751e8b465ee728b)
Start importing Assets/Sprites/Dead (1).png using Guid(e3a9da71129886d45a081c5c8a4c9e58) Importer(815301076,1909f56bfc062723c751e8b465ee728b)  -> (artifact id: '962195702ffcbc03f1ab09c2d9517d52') in 0.114236 seconds 
  Import took 0.117470 seconds .

========================================================================
Received Import Request.
  Time since last request: 0.000487 seconds.
  path: Assets/Sprites/Idle (10).png
  artifactKey: Guid(cd1323c9c78715d4082563e8f754e805) Importer(815301076,1909f56bfc062723c751e8b465ee728b)
Start importing Assets/Sprites/Idle (10).png using Guid(cd1323c9c78715d4082563e8f754e805) Importer(815301076,1909f56bfc062723c751e8b465ee728b)  -> (artifact id: '6d0116427dad5c3167a4102bed71868d') in 0.021775 seconds 
  Import took 0.025260 seconds .

========================================================================
Received Import Request.
  Time since last request: 0.000434 seconds.
  path: Assets/Sprites/Run (5).png
  artifactKey: Guid(e13ed2bfdcebc034894ee62d3a07b1ba) Importer(815301076,1909f56bfc062723c751e8b465ee728b)
Start importing Assets/Sprites/Run (5).png using Guid(e13ed2bfdcebc034894ee62d3a07b1ba) Importer(815301076,1909f56bfc062723c751e8b465ee728b)  -> (artifact id: '15ee74c0c3c2f2f62628bff70f6105f7') in 0.026611 seconds 
  Import took 0.032379 seconds .

========================================================================
Received Import Request.
  Time since last request: 0.000403 seconds.
  path: Assets/Sprites/Idle (2).png
  artifactKey: Guid(b7d51e10081b5474491b71e15a75574f) Importer(815301076,1909f56bfc062723c751e8b465ee728b)
Start importing Assets/Sprites/Idle (2).png using Guid(b7d51e10081b5474491b71e15a75574f) Importer(815301076,1909f56bfc062723c751e8b465ee728b)  -> (artifact id: 'dffadd5ff3b1a83797d8ebd1bfada5a9') in 0.015090 seconds 
  Import took 0.018863 seconds .

========================================================================
Received Import Request.
  Time since last request: 0.000401 seconds.
  path: Assets/Sprites/Jump (8).png
  artifactKey: Guid(b4a50c225f6842e40b0b8308bf58c1b7) Importer(815301076,1909f56bfc062723c751e8b465ee728b)
Start importing Assets/Sprites/Jump (8).png using Guid(b4a50c225f6842e40b0b8308bf58c1b7) Importer(815301076,1909f56bfc062723c751e8b465ee728b)  -> (artifact id: '25ada57fd489952a45921eaad2c84791') in 0.023303 seconds 
  Import took 0.027096 seconds .

========================================================================
Received Import Request.
  Time since last request: 0.000409 seconds.
  path: Assets/Sprites/Run (1).png
  artifactKey: Guid(6aa292a8575dc414fa9251176728d508) Importer(815301076,1909f56bfc062723c751e8b465ee728b)
Start importing Assets/Sprites/Run (1).png using Guid(6aa292a8575dc414fa9251176728d508) Importer(815301076,1909f56bfc062723c751e8b465ee728b)  -> (artifact id: 'ac24765b1d484685ce8b3e27d00a01f0') in 0.013341 seconds 
  Import took 0.016640 seconds .

========================================================================
Received Import Request.
  Time since last request: 0.000375 seconds.
  path: Assets/Sprites/Hurt (10).png
  artifactKey: Guid(e620642e3d9d6ca48b7df527448a3ec4) Importer(815301076,1909f56bfc062723c751e8b465ee728b)
Start importing Assets/Sprites/Hurt (10).png using Guid(e620642e3d9d6ca48b7df527448a3ec4) Importer(815301076,1909f56bfc062723c751e8b465ee728b)  -> (artifact id: '535e1630fe08b0f3bb494a28ea302cd5') in 0.013817 seconds 
  Import took 0.016895 seconds .

========================================================================
Received Import Request.
  Time since last request: 0.000452 seconds.
  path: Assets/Sprites/Idle (6).png
  artifactKey: Guid(98c29ae4526678a40b0dc06530cf859c) Importer(815301076,1909f56bfc062723c751e8b465ee728b)
Start importing Assets/Sprites/Idle (6).png using Guid(98c29ae4526678a40b0dc06530cf859c) Importer(815301076,1909f56bfc062723c751e8b465ee728b)  -> (artifact id: '39e8db824cb5064e7b0a37063fcea916') in 0.010217 seconds 
  Import took 0.013505 seconds .

========================================================================
Received Import Request.
  Time since last request: 0.000387 seconds.
  path: Assets/Sprites/Hurt (6).png
  artifactKey: Guid(af44946fcb2922941b7df627f07234d1) Importer(815301076,1909f56bfc062723c751e8b465ee728b)
Start importing Assets/Sprites/Hurt (6).png using Guid(af44946fcb2922941b7df627f07234d1) Importer(815301076,1909f56bfc062723c751e8b465ee728b)  -> (artifact id: 'ad5004e68f8e07ca97f2ec45edb5344d') in 0.013650 seconds 
  Import took 0.017635 seconds .

========================================================================
Received Import Request.
  Time since last request: 0.000379 seconds.
  path: Assets/Sprites/Hurt (7).png
  artifactKey: Guid(bba2a91af7b28f447a1c0d3a1dbb1de2) Importer(815301076,1909f56bfc062723c751e8b465ee728b)
Start importing Assets/Sprites/Hurt (7).png using Guid(bba2a91af7b28f447a1c0d3a1dbb1de2) Importer(815301076,1909f56bfc062723c751e8b465ee728b)  -> (artifact id: '0e7ad07f201209dbc89b9e1331fbce73') in 0.017801 seconds 
  Import took 0.022458 seconds .

========================================================================
Received Import Request.
  Time since last request: 0.000441 seconds.
  path: Assets/Sprites/Hurt (8).png
  artifactKey: Guid(7c1e67e1cfd98484cb89869851f103aa) Importer(815301076,1909f56bfc062723c751e8b465ee728b)
Start importing Assets/Sprites/Hurt (8).png using Guid(7c1e67e1cfd98484cb89869851f103aa) Importer(815301076,1909f56bfc062723c751e8b465ee728b)  -> (artifact id: '7af8373c24ffee388d451a120e8b70a5') in 0.015286 seconds 
  Import took 0.018585 seconds .

========================================================================
Received Import Request.
  Time since last request: 0.000373 seconds.
  path: Assets/Sprites/Walk (7).png
  artifactKey: Guid(00bec842d98f4694598bc357fb980773) Importer(815301076,1909f56bfc062723c751e8b465ee728b)
Start importing Assets/Sprites/Walk (7).png using Guid(00bec842d98f4694598bc357fb980773) Importer(815301076,1909f56bfc062723c751e8b465ee728b)  -> (artifact id: '1f621d0f48c4a898c8544a7b7ea49ca8') in 0.016345 seconds 
  Import took 0.020370 seconds .

========================================================================
Received Import Request.
  Time since last request: 0.000368 seconds.
  path: Assets/Sprites/Idle (5).png
  artifactKey: Guid(865d519a363093843b979d960b2b84f4) Importer(815301076,1909f56bfc062723c751e8b465ee728b)
Start importing Assets/Sprites/Idle (5).png using Guid(865d519a363093843b979d960b2b84f4) Importer(815301076,1909f56bfc062723c751e8b465ee728b)  -> (artifact id: '4fd54011d59f57f777f11ca3b64e45c1') in 0.015791 seconds 
  Import took 0.019510 seconds .

========================================================================
Received Import Request.
  Time since last request: 0.000385 seconds.
  path: Assets/Sprites/Fall (1).png
  artifactKey: Guid(5a6ddbc368250d4438bf1b60901c0f84) Importer(815301076,1909f56bfc062723c751e8b465ee728b)
Start importing Assets/Sprites/Fall (1).png using Guid(5a6ddbc368250d4438bf1b60901c0f84) Importer(815301076,1909f56bfc062723c751e8b465ee728b)  -> (artifact id: '795448143c34cf35f61396f7d420270d') in 0.018760 seconds 
  Import took 0.022770 seconds .

========================================================================
Received Import Request.
  Time since last request: 0.000394 seconds.
  path: Assets/Sprites/Idle (1).png
  artifactKey: Guid(287ba63b9f13a864f9991ebbaf2f8624) Importer(815301076,1909f56bfc062723c751e8b465ee728b)
Start importing Assets/Sprites/Idle (1).png using Guid(287ba63b9f13a864f9991ebbaf2f8624) Importer(815301076,1909f56bfc062723c751e8b465ee728b)  -> (artifact id: '086f8d1c498ae4202eb80e1173f01a2f') in 0.013938 seconds 
  Import took 0.017767 seconds .

========================================================================
Received Import Request.
  Time since last request: 0.000438 seconds.
  path: Assets/Sprites/Hurt (2).png
  artifactKey: Guid(ce5a909e052b01242a9c2fc37ea0548b) Importer(815301076,1909f56bfc062723c751e8b465ee728b)
Start importing Assets/Sprites/Hurt (2).png using Guid(ce5a909e052b01242a9c2fc37ea0548b) Importer(815301076,1909f56bfc062723c751e8b465ee728b)  -> (artifact id: '17df818a26971840c89ecdc290910e09') in 0.015065 seconds 
  Import took 0.019178 seconds .

========================================================================
Received Import Request.
  Time since last request: 0.000343 seconds.
  path: Assets/Sprites/Fall (3).png
  artifactKey: Guid(afa28417d1483894eaf761c766f445b5) Importer(815301076,1909f56bfc062723c751e8b465ee728b)
Start importing Assets/Sprites/Fall (3).png using Guid(afa28417d1483894eaf761c766f445b5) Importer(815301076,1909f56bfc062723c751e8b465ee728b)  -> (artifact id: '599907d695bdeeecf7f135dbeb1e600d') in 0.013041 seconds 
  Import took 0.016432 seconds .

========================================================================
Received Import Request.
  Time since last request: 0.000471 seconds.
  path: Assets/Sprites/Jump (1).png
  artifactKey: Guid(a81396b152900314bad7417016eae53e) Importer(815301076,1909f56bfc062723c751e8b465ee728b)
Start importing Assets/Sprites/Jump (1).png using Guid(a81396b152900314bad7417016eae53e) Importer(815301076,1909f56bfc062723c751e8b465ee728b)  -> (artifact id: '1c5d5ca6504ca1c51662cc748fcbe3c1') in 0.015283 seconds 
  Import took 0.018652 seconds .

========================================================================
Received Import Request.
  Time since last request: 0.000316 seconds.
  path: Assets/Sprites/Dead (3).png
  artifactKey: Guid(87c135e8480a21347956ed7a08f23c73) Importer(815301076,1909f56bfc062723c751e8b465ee728b)
Start importing Assets/Sprites/Dead (3).png using Guid(87c135e8480a21347956ed7a08f23c73) Importer(815301076,1909f56bfc062723c751e8b465ee728b)  -> (artifact id: '23b6ab4b6897d0200d677fd48fdd69a2') in 0.011262 seconds 
  Import took 0.014668 seconds .

========================================================================
Received Import Request.
  Time since last request: 0.000428 seconds.
  path: Assets/Sprites/Fall (8).png
  artifactKey: Guid(a36e898bb22de1642a3651face0356e4) Importer(815301076,1909f56bfc062723c751e8b465ee728b)
Start importing Assets/Sprites/Fall (8).png using Guid(a36e898bb22de1642a3651face0356e4) Importer(815301076,1909f56bfc062723c751e8b465ee728b)  -> (artifact id: '42e434e5925a22abcbfb98accdd6d15c') in 0.013627 seconds 
  Import took 0.017065 seconds .

========================================================================
Received Import Request.
  Time since last request: 0.000346 seconds.
  path: Assets/Sprites/Idle (9).png
  artifactKey: Guid(871d1eb265793124ab392dc44d88f05f) Importer(815301076,1909f56bfc062723c751e8b465ee728b)
Start importing Assets/Sprites/Idle (9).png using Guid(871d1eb265793124ab392dc44d88f05f) Importer(815301076,1909f56bfc062723c751e8b465ee728b)  -> (artifact id: '208a73ca58aa8e74e02eb6aeba5ebf7c') in 0.012256 seconds 
  Import took 0.015424 seconds .

========================================================================
Received Import Request.
  Time since last request: 0.000324 seconds.
  path: Assets/Sprites/Hurt (3).png
  artifactKey: Guid(2909ba4ac74e19b41b3a9997f51096b2) Importer(815301076,1909f56bfc062723c751e8b465ee728b)
Start importing Assets/Sprites/Hurt (3).png using Guid(2909ba4ac74e19b41b3a9997f51096b2) Importer(815301076,1909f56bfc062723c751e8b465ee728b)  -> (artifact id: '173dcc584b9d91ad6c43580e0e373247') in 0.011845 seconds 
  Import took 0.015203 seconds .

========================================================================
Received Import Request.
  Time since last request: 0.000538 seconds.
  path: Assets/Sprites/Jump (2).png
  artifactKey: Guid(103bac5a7fbc7814c8cfe9f8acd0c391) Importer(815301076,1909f56bfc062723c751e8b465ee728b)
Start importing Assets/Sprites/Jump (2).png using Guid(103bac5a7fbc7814c8cfe9f8acd0c391) Importer(815301076,1909f56bfc062723c751e8b465ee728b)  -> (artifact id: '7c10ec2381e398274c5ac692f5f5eb12') in 0.013335 seconds 
  Import took 0.016667 seconds .

========================================================================
Received Import Request.
  Time since last request: 0.000321 seconds.
  path: Assets/Sprites/Run (3).png
  artifactKey: Guid(fcda99fc19b3cf94eb2ec6318b51ac98) Importer(815301076,1909f56bfc062723c751e8b465ee728b)
Start importing Assets/Sprites/Run (3).png using Guid(fcda99fc19b3cf94eb2ec6318b51ac98) Importer(815301076,1909f56bfc062723c751e8b465ee728b)  -> (artifact id: '5c639c94ee2c88edc663f08aaf079fbb') in 0.011022 seconds 
  Import took 0.014030 seconds .

========================================================================
Received Import Request.
  Time since last request: 0.000323 seconds.
  path: Assets/Sprites/Jump (5).png
  artifactKey: Guid(ab490d866c197704ea694bdb67ee0e33) Importer(815301076,1909f56bfc062723c751e8b465ee728b)
Start importing Assets/Sprites/Jump (5).png using Guid(ab490d866c197704ea694bdb67ee0e33) Importer(815301076,1909f56bfc062723c751e8b465ee728b)  -> (artifact id: 'e6b9bfbe784b7e2a5bfa2d48464461fe') in 0.010917 seconds 
  Import took 0.013929 seconds .

========================================================================
Received Import Request.
  Time since last request: 0.000300 seconds.
  path: Assets/Sprites/Dead (7).png
  artifactKey: Guid(254ff0226d5de1143ad780b81bec237d) Importer(815301076,1909f56bfc062723c751e8b465ee728b)
Start importing Assets/Sprites/Dead (7).png using Guid(254ff0226d5de1143ad780b81bec237d) Importer(815301076,1909f56bfc062723c751e8b465ee728b)  -> (artifact id: '639f9b5c9a73f087b13de33d32f1853e') in 0.012369 seconds 
  Import took 0.015547 seconds .

========================================================================
Received Import Request.
  Time since last request: 0.000301 seconds.
  path: Assets/Sprites/Idle (4).png
  artifactKey: Guid(8b84134d7a60c28469edd14236218408) Importer(815301076,1909f56bfc062723c751e8b465ee728b)
Start importing Assets/Sprites/Idle (4).png using Guid(8b84134d7a60c28469edd14236218408) Importer(815301076,1909f56bfc062723c751e8b465ee728b)  -> (artifact id: '18f00f465b749d8f7678c46be22fd53e') in 0.011462 seconds 
  Import took 0.014738 seconds .

========================================================================
Received Import Request.
  Time since last request: 0.000258 seconds.
  path: Assets/Sprites/Jump (7).png
  artifactKey: Guid(e0992db55f429d643ac33c400727d7ef) Importer(815301076,1909f56bfc062723c751e8b465ee728b)
Start importing Assets/Sprites/Jump (7).png using Guid(e0992db55f429d643ac33c400727d7ef) Importer(815301076,1909f56bfc062723c751e8b465ee728b)  -> (artifact id: '4aebbbb8b6be0e14af9f6c69459e307d') in 0.012257 seconds 
  Import took 0.015832 seconds .

========================================================================
Received Import Request.
  Time since last request: 0.000308 seconds.
  path: Assets/Sprites/Slide (1).png
  artifactKey: Guid(4151fec0322ab4647b17e807f3bed5b1) Importer(815301076,1909f56bfc062723c751e8b465ee728b)
Start importing Assets/Sprites/Slide (1).png using Guid(4151fec0322ab4647b17e807f3bed5b1) Importer(815301076,1909f56bfc062723c751e8b465ee728b)  -> (artifact id: '94d18fea7faa83c6235af3c0b2eb53e9') in 0.011975 seconds 
  Import took 0.015091 seconds .

========================================================================
Received Import Request.
  Time since last request: 0.000307 seconds.
  path: Assets/Sprites/Walk (6).png
  artifactKey: Guid(cd67b02e7b2a9c2428420ab91993799a) Importer(815301076,1909f56bfc062723c751e8b465ee728b)
Start importing Assets/Sprites/Walk (6).png using Guid(cd67b02e7b2a9c2428420ab91993799a) Importer(815301076,1909f56bfc062723c751e8b465ee728b)  -> (artifact id: 'c22683d2e85a4fddcecc69b356ed0f9f') in 0.011581 seconds 
  Import took 0.014764 seconds .

========================================================================
Received Import Request.
  Time since last request: 0.000392 seconds.
  path: Assets/Sprites/Fall (2).png
  artifactKey: Guid(859dd3c92628f7f46bd44ebd50bb4aa4) Importer(815301076,1909f56bfc062723c751e8b465ee728b)
Start importing Assets/Sprites/Fall (2).png using Guid(859dd3c92628f7f46bd44ebd50bb4aa4) Importer(815301076,1909f56bfc062723c751e8b465ee728b)  -> (artifact id: 'd1a7f40e8312d9ff0a626719e2504dc0') in 0.011841 seconds 
  Import took 0.014903 seconds .

========================================================================
Received Import Request.
  Time since last request: 0.000453 seconds.
  path: Assets/Sprites/Walk (5).png
  artifactKey: Guid(a8db273dbde323941b6b4fb296cee950) Importer(815301076,1909f56bfc062723c751e8b465ee728b)
Start importing Assets/Sprites/Walk (5).png using Guid(a8db273dbde323941b6b4fb296cee950) Importer(815301076,1909f56bfc062723c751e8b465ee728b)  -> (artifact id: 'fe9afd21050df39b8caec681bdca39dc') in 0.011767 seconds 
  Import took 0.015156 seconds .

========================================================================
Received Import Request.
  Time since last request: 0.000353 seconds.
  path: Assets/Sprites/Idle (7).png
  artifactKey: Guid(2fde175bdc6304c49a7fdd6f6f89d947) Importer(815301076,1909f56bfc062723c751e8b465ee728b)
Start importing Assets/Sprites/Idle (7).png using Guid(2fde175bdc6304c49a7fdd6f6f89d947) Importer(815301076,1909f56bfc062723c751e8b465ee728b)  -> (artifact id: '6272a960c9c138078b36a3939fe37f4f') in 0.012402 seconds 
  Import took 0.016266 seconds .

========================================================================
Received Import Request.
  Time since last request: 0.000424 seconds.
  path: Assets/Sprites/Run (2).png
  artifactKey: Guid(48afdcc5f36df374ebd0ae1ebfbda22d) Importer(815301076,1909f56bfc062723c751e8b465ee728b)
Start importing Assets/Sprites/Run (2).png using Guid(48afdcc5f36df374ebd0ae1ebfbda22d) Importer(815301076,1909f56bfc062723c751e8b465ee728b)  -> (artifact id: 'ace6b1e6d6981929e9704874dd855972') in 0.016253 seconds 
  Import took 0.020532 seconds .

========================================================================
Received Import Request.
  Time since last request: 0.000418 seconds.
  path: Assets/Sprites/Slide (5).png
  artifactKey: Guid(6ecc7a2c98768324ca8a9ad7e3286f48) Importer(815301076,1909f56bfc062723c751e8b465ee728b)
Start importing Assets/Sprites/Slide (5).png using Guid(6ecc7a2c98768324ca8a9ad7e3286f48) Importer(815301076,1909f56bfc062723c751e8b465ee728b)  -> (artifact id: '3fe19da3b5af56a34ad8f8617953af1d') in 0.015066 seconds 
  Import took 0.019103 seconds .

========================================================================
Received Import Request.
  Time since last request: 0.000409 seconds.
  path: Assets/Sprites/Idle (8).png
  artifactKey: Guid(dd586571d4b197a42b5efe13381b6fdb) Importer(815301076,1909f56bfc062723c751e8b465ee728b)
Start importing Assets/Sprites/Idle (8).png using Guid(dd586571d4b197a42b5efe13381b6fdb) Importer(815301076,1909f56bfc062723c751e8b465ee728b)  -> (artifact id: '0b8787c7e87f1ad1c37df849f8ee38f2') in 0.013186 seconds 
  Import took 0.018155 seconds .

========================================================================
Received Import Request.
  Time since last request: 0.000423 seconds.
  path: Assets/Sprites/Walk (10).png
  artifactKey: Guid(45fad23368efb274f9660e9d18c6129f) Importer(815301076,1909f56bfc062723c751e8b465ee728b)
Start importing Assets/Sprites/Walk (10).png using Guid(45fad23368efb274f9660e9d18c6129f) Importer(815301076,1909f56bfc062723c751e8b465ee728b)  -> (artifact id: 'e38c2cd545983be085890bf7dbad0a1a') in 0.013543 seconds 
  Import took 0.017487 seconds .

========================================================================
Received Import Request.
  Time since last request: 0.000378 seconds.
  path: Assets/Sprites/Fall (5).png
  artifactKey: Guid(eb11ef7f709b8c343bd06864405b8a8f) Importer(815301076,1909f56bfc062723c751e8b465ee728b)
Start importing Assets/Sprites/Fall (5).png using Guid(eb11ef7f709b8c343bd06864405b8a8f) Importer(815301076,1909f56bfc062723c751e8b465ee728b)  -> (artifact id: '5975f9d9b940927caec21009046ce398') in 0.013083 seconds 
  Import took 0.017840 seconds .

========================================================================
Received Import Request.
  Time since last request: 0.000339 seconds.
  path: Assets/Sprites/Fall (6).png
  artifactKey: Guid(f45fcb2995745684ca7412f61e7877ae) Importer(815301076,1909f56bfc062723c751e8b465ee728b)
Start importing Assets/Sprites/Fall (6).png using Guid(f45fcb2995745684ca7412f61e7877ae) Importer(815301076,1909f56bfc062723c751e8b465ee728b)  -> (artifact id: 'bc05b39e08f5224f949b57f6a2a5d9fc') in 0.013507 seconds 
  Import took 0.018135 seconds .

========================================================================
Received Import Request.
  Time since last request: 0.000307 seconds.
  path: Assets/Sprites/Walk (1).png
  artifactKey: Guid(9ed93f88b7afd134881dc1494e5750c8) Importer(815301076,1909f56bfc062723c751e8b465ee728b)
Start importing Assets/Sprites/Walk (1).png using Guid(9ed93f88b7afd134881dc1494e5750c8) Importer(815301076,1909f56bfc062723c751e8b465ee728b)  -> (artifact id: '6f71ade619f983754abe43b50e16c642') in 0.011558 seconds 
  Import took 0.014922 seconds .

========================================================================
Received Import Request.
  Time since last request: 0.000338 seconds.
  path: Assets/Sprites/Walk (2).png
  artifactKey: Guid(a16258ad7512a794f83ce6e25a88631f) Importer(815301076,1909f56bfc062723c751e8b465ee728b)
Start importing Assets/Sprites/Walk (2).png using Guid(a16258ad7512a794f83ce6e25a88631f) Importer(815301076,1909f56bfc062723c751e8b465ee728b)  -> (artifact id: 'eab93860d0df5de39025a51fd33d4349') in 0.010545 seconds 
  Import took 0.013557 seconds .

========================================================================
Received Import Request.
  Time since last request: 0.000311 seconds.
  path: Assets/Sprites/Dead (8).png
  artifactKey: Guid(637f6277092d4c94ebcf52535c5860df) Importer(815301076,1909f56bfc062723c751e8b465ee728b)
Start importing Assets/Sprites/Dead (8).png using Guid(637f6277092d4c94ebcf52535c5860df) Importer(815301076,1909f56bfc062723c751e8b465ee728b)  -> (artifact id: 'fcd7131f44fdef2f3d865fee8767869a') in 0.010461 seconds 
  Import took 0.013276 seconds .

========================================================================
Received Import Request.
  Time since last request: 0.000329 seconds.
  path: Assets/Sprites/Slide (7).png
  artifactKey: Guid(79e2acff816b96d47a1f50bc6916b19d) Importer(815301076,1909f56bfc062723c751e8b465ee728b)
Start importing Assets/Sprites/Slide (7).png using Guid(79e2acff816b96d47a1f50bc6916b19d) Importer(815301076,1909f56bfc062723c751e8b465ee728b)  -> (artifact id: 'c07733a6e9a64758a1048c245f97d148') in 0.013970 seconds 
  Import took 0.017582 seconds .

========================================================================
Received Import Request.
  Time since last request: 0.000432 seconds.
  path: Assets/Sprites/Dead (10).png
  artifactKey: Guid(148146c6272708a49842ec52382cd9ba) Importer(815301076,1909f56bfc062723c751e8b465ee728b)
Start importing Assets/Sprites/Dead (10).png using Guid(148146c6272708a49842ec52382cd9ba) Importer(815301076,1909f56bfc062723c751e8b465ee728b)  -> (artifact id: '51df2c7079a545efa85ead702092855b') in 0.013701 seconds 
  Import took 0.017659 seconds .

========================================================================
Received Import Request.
  Time since last request: 0.000339 seconds.
  path: Assets/Sprites/Slide (9).png
  artifactKey: Guid(6d4be9895d864e446a8ce88e221f2000) Importer(815301076,1909f56bfc062723c751e8b465ee728b)
Start importing Assets/Sprites/Slide (9).png using Guid(6d4be9895d864e446a8ce88e221f2000) Importer(815301076,1909f56bfc062723c751e8b465ee728b)  -> (artifact id: '9d8fcecec93360d28ba323c9e5d672f6') in 0.015236 seconds 
  Import took 0.019469 seconds .

========================================================================
Received Import Request.
  Time since last request: 0.000350 seconds.
  path: Assets/Sprites/Run (4).png
  artifactKey: Guid(9f9e9db7cef22134ca7f2c33b2c7d8b5) Importer(815301076,1909f56bfc062723c751e8b465ee728b)
Start importing Assets/Sprites/Run (4).png using Guid(9f9e9db7cef22134ca7f2c33b2c7d8b5) Importer(815301076,1909f56bfc062723c751e8b465ee728b)  -> (artifact id: 'd716047bbed84538cdb7ce22f488c3c3') in 0.014868 seconds 
  Import took 0.019766 seconds .

========================================================================
Received Import Request.
  Time since last request: 0.000342 seconds.
  path: Assets/Sprites/Jump (3).png
  artifactKey: Guid(70946a5effa4609498af40494e544985) Importer(815301076,1909f56bfc062723c751e8b465ee728b)
Start importing Assets/Sprites/Jump (3).png using Guid(70946a5effa4609498af40494e544985) Importer(815301076,1909f56bfc062723c751e8b465ee728b)  -> (artifact id: 'af4fd871293b9eb93837f9e9b5de3dbf') in 0.015652 seconds 
  Import took 0.019990 seconds .

========================================================================
Received Import Request.
  Time since last request: 0.000347 seconds.
  path: Assets/Sprites/Dead (4).png
  artifactKey: Guid(b102f8eeedb6b20428d8cad4940c9a47) Importer(815301076,1909f56bfc062723c751e8b465ee728b)
Start importing Assets/Sprites/Dead (4).png using Guid(b102f8eeedb6b20428d8cad4940c9a47) Importer(815301076,1909f56bfc062723c751e8b465ee728b)  -> (artifact id: '6162351ffdbc2e5f89e084d166bdd102') in 0.014153 seconds 
  Import took 0.018678 seconds .

========================================================================
Received Import Request.
  Time since last request: 0.000388 seconds.
  path: Assets/Sprites/Run (7).png
  artifactKey: Guid(7e6a913ec2b63c940b81a3b4289de388) Importer(815301076,1909f56bfc062723c751e8b465ee728b)
Start importing Assets/Sprites/Run (7).png using Guid(7e6a913ec2b63c940b81a3b4289de388) Importer(815301076,1909f56bfc062723c751e8b465ee728b)  -> (artifact id: 'a10531fa771863be3149bfcd84e651b8') in 0.014576 seconds 
  Import took 0.019062 seconds .

========================================================================
Received Import Request.
  Time since last request: 0.000424 seconds.
  path: Assets/Sprites/Walk (8).png
  artifactKey: Guid(1230f0b5ae8579349a53e4af6e12e78f) Importer(815301076,1909f56bfc062723c751e8b465ee728b)
Start importing Assets/Sprites/Walk (8).png using Guid(1230f0b5ae8579349a53e4af6e12e78f) Importer(815301076,1909f56bfc062723c751e8b465ee728b)  -> (artifact id: '25fd35932a481c69b05cbfa4bb512cf6') in 0.014095 seconds 
  Import took 0.018275 seconds .

========================================================================
Received Import Request.
  Time since last request: 0.000356 seconds.
  path: Assets/Sprites/Walk (4).png
  artifactKey: Guid(54c6e2aa6209e20458c547fe880c4a27) Importer(815301076,1909f56bfc062723c751e8b465ee728b)
Start importing Assets/Sprites/Walk (4).png using Guid(54c6e2aa6209e20458c547fe880c4a27) Importer(815301076,1909f56bfc062723c751e8b465ee728b)  -> (artifact id: '643c69d0cfb933c3f80e72211bf69421') in 0.014035 seconds 
  Import took 0.017808 seconds .

========================================================================
Received Import Request.
  Time since last request: 0.000392 seconds.
  path: Assets/Sprites/Walk (9).png
  artifactKey: Guid(bcc02dfaab4e17d4881fdcb378a2f6de) Importer(815301076,1909f56bfc062723c751e8b465ee728b)
Start importing Assets/Sprites/Walk (9).png using Guid(bcc02dfaab4e17d4881fdcb378a2f6de) Importer(815301076,1909f56bfc062723c751e8b465ee728b)  -> (artifact id: '703fadd602c12d2dff21f438480ca30a') in 0.012847 seconds 
  Import took 0.016762 seconds .

========================================================================
Received Import Request.
  Time since last request: 0.000434 seconds.
  path: Assets/Sprites/Run (8).png
  artifactKey: Guid(c4fbc2e79c66d0447a8d697de4358bfb) Importer(815301076,1909f56bfc062723c751e8b465ee728b)
Start importing Assets/Sprites/Run (8).png using Guid(c4fbc2e79c66d0447a8d697de4358bfb) Importer(815301076,1909f56bfc062723c751e8b465ee728b)  -> (artifact id: '8a92ecfc1613e4f4ef66efb24eaf5ac3') in 0.014130 seconds 
  Import took 0.017669 seconds .

========================================================================
Received Import Request.
  Time since last request: 0.000264 seconds.
  path: Assets/Sprites/Hurt (4).png
  artifactKey: Guid(037fed7b7a98ce94baad479729c053ce) Importer(815301076,1909f56bfc062723c751e8b465ee728b)
Start importing Assets/Sprites/Hurt (4).png using Guid(037fed7b7a98ce94baad479729c053ce) Importer(815301076,1909f56bfc062723c751e8b465ee728b)  -> (artifact id: '22d3e8b25935aa481237d4409baf2a1e') in 0.013274 seconds 
  Import took 0.016461 seconds .

========================================================================
Received Import Request.
  Time since last request: 0.000371 seconds.
  path: Assets/Sprites/Slide (6).png
  artifactKey: Guid(3ec59754dc59b2549ac786871e933781) Importer(815301076,1909f56bfc062723c751e8b465ee728b)
Start importing Assets/Sprites/Slide (6).png using Guid(3ec59754dc59b2549ac786871e933781) Importer(815301076,1909f56bfc062723c751e8b465ee728b)  -> (artifact id: '9d4f499bc1a3f260fd4b08f482a83398') in 0.011926 seconds 
  Import took 0.015795 seconds .

========================================================================
Received Import Request.
  Time since last request: 0.000312 seconds.
  path: Assets/Sprites/Fall (7).png
  artifactKey: Guid(41ddfd349d0eb554ca13da5b9c828ef0) Importer(815301076,1909f56bfc062723c751e8b465ee728b)
Start importing Assets/Sprites/Fall (7).png using Guid(41ddfd349d0eb554ca13da5b9c828ef0) Importer(815301076,1909f56bfc062723c751e8b465ee728b)  -> (artifact id: '97f57dc29520a1908fc94dddc4171863') in 0.011809 seconds 
  Import took 0.014971 seconds .

========================================================================
Received Import Request.
  Time since last request: 0.000290 seconds.
  path: Assets/Sprites/Run (6).png
  artifactKey: Guid(d7507b4d3bd5dbf489d100f23ffe45d7) Importer(815301076,1909f56bfc062723c751e8b465ee728b)
Start importing Assets/Sprites/Run (6).png using Guid(d7507b4d3bd5dbf489d100f23ffe45d7) Importer(815301076,1909f56bfc062723c751e8b465ee728b)  -> (artifact id: '3e40bc86011b272ebb5c0f909bff7ae6') in 0.012164 seconds 
  Import took 0.015125 seconds .

========================================================================
Received Import Request.
  Time since last request: 0.000298 seconds.
  path: Assets/Sprites/Slide (3).png
  artifactKey: Guid(73f61a302def81d4a8e4623356b5f48c) Importer(815301076,1909f56bfc062723c751e8b465ee728b)
Start importing Assets/Sprites/Slide (3).png using Guid(73f61a302def81d4a8e4623356b5f48c) Importer(815301076,1909f56bfc062723c751e8b465ee728b)  -> (artifact id: '354b678a41a7b46652a25a8cafba3509') in 0.011561 seconds 
  Import took 0.014827 seconds .

========================================================================
Received Import Request.
  Time since last request: 0.000457 seconds.
  path: Assets/Sprites/Walk (3).png
  artifactKey: Guid(7fcfc47d88dad2b45be75b7acd98a0cb) Importer(815301076,1909f56bfc062723c751e8b465ee728b)
Start importing Assets/Sprites/Walk (3).png using Guid(7fcfc47d88dad2b45be75b7acd98a0cb) Importer(815301076,1909f56bfc062723c751e8b465ee728b)  -> (artifact id: '530b8ccd98649e6bc67e495f82b0578b') in 0.014187 seconds 
  Import took 0.017386 seconds .

========================================================================
Received Import Request.
  Time since last request: 0.000325 seconds.
  path: Assets/Sprites/Dead (6).png
  artifactKey: Guid(e0c2b6d0cc9cfd64098435a9683e34d0) Importer(815301076,1909f56bfc062723c751e8b465ee728b)
Start importing Assets/Sprites/Dead (6).png using Guid(e0c2b6d0cc9cfd64098435a9683e34d0) Importer(815301076,1909f56bfc062723c751e8b465ee728b)  -> (artifact id: 'ebec2cc8f96998d74d521c18c31e3cbb') in 0.012464 seconds 
  Import took 0.015658 seconds .

========================================================================
Received Import Request.
  Time since last request: 0.000403 seconds.
  path: Assets/Sprites/Fall (4).png
  artifactKey: Guid(a9d75241aaadffa49b51f7eb55270319) Importer(815301076,1909f56bfc062723c751e8b465ee728b)
Start importing Assets/Sprites/Fall (4).png using Guid(a9d75241aaadffa49b51f7eb55270319) Importer(815301076,1909f56bfc062723c751e8b465ee728b)  -> (artifact id: '86b5f0c2d882fba0b3dc8303e74685ea') in 0.011432 seconds 
  Import took 0.015276 seconds .

========================================================================
Received Import Request.
  Time since last request: 0.000419 seconds.
  path: Assets/Sprites/Hurt (9).png
  artifactKey: Guid(a5f3cf6b7b4162e4786c960838dc845c) Importer(815301076,1909f56bfc062723c751e8b465ee728b)
Start importing Assets/Sprites/Hurt (9).png using Guid(a5f3cf6b7b4162e4786c960838dc845c) Importer(815301076,1909f56bfc062723c751e8b465ee728b)  -> (artifact id: '270b9c587faf1e6d8a773c137add9972') in 0.011550 seconds 
  Import took 0.015243 seconds .

========================================================================
Received Import Request.
  Time since last request: 0.000410 seconds.
  path: Assets/Sprites/Jump (4).png
  artifactKey: Guid(84426990db95c194f9d8669948e49156) Importer(815301076,1909f56bfc062723c751e8b465ee728b)
Start importing Assets/Sprites/Jump (4).png using Guid(84426990db95c194f9d8669948e49156) Importer(815301076,1909f56bfc062723c751e8b465ee728b)  -> (artifact id: '8c95e33576451b5ad44545310802c560') in 0.010473 seconds 
  Import took 0.013359 seconds .

========================================================================
Received Import Request.
  Time since last request: 0.000327 seconds.
  path: Assets/Sprites/Hurt (5).png
  artifactKey: Guid(467173042f7e43945a6e1f49b152596a) Importer(815301076,1909f56bfc062723c751e8b465ee728b)
Start importing Assets/Sprites/Hurt (5).png using Guid(467173042f7e43945a6e1f49b152596a) Importer(815301076,1909f56bfc062723c751e8b465ee728b)  -> (artifact id: 'b3a52fb66ef5c2962df41afd2fd58896') in 0.009699 seconds 
  Import took 0.012299 seconds .

========================================================================
Received Import Request.
  Time since last request: 0.000387 seconds.
  path: Assets/Sprites/Jump (6).png
  artifactKey: Guid(408a02d207b2e6e4caf0376c2281140f) Importer(815301076,1909f56bfc062723c751e8b465ee728b)
Start importing Assets/Sprites/Jump (6).png using Guid(408a02d207b2e6e4caf0376c2281140f) Importer(815301076,1909f56bfc062723c751e8b465ee728b)  -> (artifact id: '6681c4f65cdd973de86342149b76245e') in 0.009731 seconds 
  Import took 0.012547 seconds .

========================================================================
Received Import Request.
  Time since last request: 0.000364 seconds.
  path: Assets/Sprites/Slide (2).png
  artifactKey: Guid(8b8553932308aba4ca15823eb072ace7) Importer(815301076,1909f56bfc062723c751e8b465ee728b)
Start importing Assets/Sprites/Slide (2).png using Guid(8b8553932308aba4ca15823eb072ace7) Importer(815301076,1909f56bfc062723c751e8b465ee728b)  -> (artifact id: '99e7f502e373073e12721f83011fe688') in 0.009340 seconds 
  Import took 0.012083 seconds .

========================================================================
Received Import Request.
  Time since last request: 0.000369 seconds.
  path: Assets/Sprites/Dead (9).png
  artifactKey: Guid(de4f4dc052658e446b6819dd47f2d760) Importer(815301076,1909f56bfc062723c751e8b465ee728b)
Start importing Assets/Sprites/Dead (9).png using Guid(de4f4dc052658e446b6819dd47f2d760) Importer(815301076,1909f56bfc062723c751e8b465ee728b)  -> (artifact id: '03dfd221fe56bf11ba6a101c5d8a2164') in 0.009327 seconds 
  Import took 0.012161 seconds .

========================================================================
Received Import Request.
  Time since last request: 0.000303 seconds.
  path: Assets/Sprites/Dead (5).png
  artifactKey: Guid(1b45e347644081c408973ed14891f496) Importer(815301076,1909f56bfc062723c751e8b465ee728b)
Start importing Assets/Sprites/Dead (5).png using Guid(1b45e347644081c408973ed14891f496) Importer(815301076,1909f56bfc062723c751e8b465ee728b)  -> (artifact id: 'cff852cb429be1aecf0153149d7d2a68') in 0.010015 seconds 
  Import took 0.012768 seconds .

========================================================================
Received Import Request.
  Time since last request: 0.000323 seconds.
  path: Assets/Sprites/Idle (3).png
  artifactKey: Guid(0b28e079ce344ec45aa8bfaf8fc27698) Importer(815301076,1909f56bfc062723c751e8b465ee728b)
Start importing Assets/Sprites/Idle (3).png using Guid(0b28e079ce344ec45aa8bfaf8fc27698) Importer(815301076,1909f56bfc062723c751e8b465ee728b)  -> (artifact id: 'e8478fa8043ba85b023885df142a604f') in 0.009764 seconds 
  Import took 0.012442 seconds .

========================================================================
Received Import Request.
  Time since last request: 0.000338 seconds.
  path: Assets/Sprites/Slide (4).png
  artifactKey: Guid(5d331cd478ffaef48a493af03f558441) Importer(815301076,1909f56bfc062723c751e8b465ee728b)
Start importing Assets/Sprites/Slide (4).png using Guid(5d331cd478ffaef48a493af03f558441) Importer(815301076,1909f56bfc062723c751e8b465ee728b)  -> (artifact id: 'f1a1e0433db3cd1ff9da40ac8453a8b1') in 0.009233 seconds 
  Import took 0.011926 seconds .

========================================================================
Received Import Request.
  Time since last request: 0.000322 seconds.
  path: Assets/Sprites/Slide (10).png
  artifactKey: Guid(42aa5dcd8b7494f4083725dd5ded6474) Importer(815301076,1909f56bfc062723c751e8b465ee728b)
Start importing Assets/Sprites/Slide (10).png using Guid(42aa5dcd8b7494f4083725dd5ded6474) Importer(815301076,1909f56bfc062723c751e8b465ee728b)  -> (artifact id: 'a7fccae0b25abd4dcfe7524d4067be22') in 0.011177 seconds 
  Import took 0.014116 seconds .

========================================================================
Received Import Request.
  Time since last request: 0.000351 seconds.
  path: Assets/Sprites/Hurt (1).png
  artifactKey: Guid(2cd7fde2f2b1e4c4f9d77d33a48b5f34) Importer(815301076,1909f56bfc062723c751e8b465ee728b)
Start importing Assets/Sprites/Hurt (1).png using Guid(2cd7fde2f2b1e4c4f9d77d33a48b5f34) Importer(815301076,1909f56bfc062723c751e8b465ee728b)  -> (artifact id: '6a4669d32583f439c500055bec24a796') in 0.013489 seconds 
  Import took 0.016413 seconds .

========================================================================
Received Import Request.
  Time since last request: 0.000367 seconds.
  path: Assets/Sprites/Dead (2).png
  artifactKey: Guid(afde70dc8d272224ba64bdf479f33b8f) Importer(815301076,1909f56bfc062723c751e8b465ee728b)
Start importing Assets/Sprites/Dead (2).png using Guid(afde70dc8d272224ba64bdf479f33b8f) Importer(815301076,1909f56bfc062723c751e8b465ee728b)  -> (artifact id: '79280d8aa6a80868abf5edf728cb44d6') in 0.013323 seconds 
  Import took 0.017081 seconds .

========================================================================
Received Import Request.
  Time since last request: 0.000376 seconds.
  path: Assets/Sprites/Slide (8).png
  artifactKey: Guid(20e296908552a574a8d7f6633490928f) Importer(815301076,1909f56bfc062723c751e8b465ee728b)
Start importing Assets/Sprites/Slide (8).png using Guid(20e296908552a574a8d7f6633490928f) Importer(815301076,1909f56bfc062723c751e8b465ee728b)  -> (artifact id: '5182def41516d2f7b5843b2465dbcf8c') in 0.014065 seconds 
  Import took 0.017197 seconds .

========================================================================
Received Import Request.
  Time since last request: 128.091140 seconds.
  path: Assets/Scripts/CatController.cs
  artifactKey: Guid(0d9080bb7734cb44ea72d33f60aad826) Importer(815301076,1909f56bfc062723c751e8b465ee728b)
Start importing Assets/Scripts/CatController.cs using Guid(0d9080bb7734cb44ea72d33f60aad826) Importer(815301076,1909f56bfc062723c751e8b465ee728b)  -> (artifact id: 'b1d55019118e127f2ef502aa89faeeb7') in 0.003314 seconds 
  Import took 0.007307 seconds .

========================================================================
Received Prepare
Registering precompiled user dll's ...
Registered in 0.004348 seconds.
Begin MonoManager ReloadAssembly
Native extension for WindowsStandalone target not found
Refreshing native plugins compatible for Editor in 0.51 ms, found 3 plugins.
Preloading 0 native plugins for Editor in 0.00 ms.
Mono: successfully reloaded assembly
- Completed reload, in  0.919 seconds
Domain Reload Profiling:
	ReloadAssembly (920ms)
		BeginReloadAssembly (113ms)
			ExecutionOrderSort (0ms)
			DisableScriptedObjects (6ms)
			BackupInstance (0ms)
			ReleaseScriptingObjects (0ms)
			CreateAndSetChildDomain (32ms)
		EndReloadAssembly (750ms)
			LoadAssemblies (82ms)
			RebuildTransferFunctionScriptingTraits (0ms)
			SetupTypeCache (233ms)
			ReleaseScriptCaches (1ms)
			RebuildScriptCaches (36ms)
			SetupLoadedEditorAssemblies (315ms)
				LogAssemblyErrors (0ms)
				InitializePlatformSupportModulesInManaged (4ms)
				SetLoadedEditorAssemblies (0ms)
				RefreshPlugins (1ms)
				BeforeProcessingInitializeOnLoad (55ms)
				ProcessInitializeOnLoadAttributes (242ms)
				ProcessInitializeOnLoadMethodAttributes (5ms)
				AfterProcessingInitializeOnLoad (7ms)
				EditorAssembliesLoaded (0ms)
			ExecutionOrderSort2 (0ms)
			AwakeInstancesAfterBackupRestoration (9ms)
Platform modules already initialized, skipping
Refreshing native plugins compatible for Editor in 0.44 ms, found 3 plugins.
Preloading 0 native plugins for Editor in 0.00 ms.
Unloading 2084 Unused Serialized files (Serialized files now loaded: 0)
System memory in use before: 95.6 MB.
System memory in use after: 95.7 MB.

Unloading 16 unused Assets to reduce memory usage. Loaded Objects now: 2554.
Total: 2.798200 ms (FindLiveObjects: 0.202500 ms CreateObjectMapping: 0.059200 ms MarkObjects: 2.520400 ms  DeleteObjects: 0.014600 ms)

AssetImportParameters requested are different than current active one (requested -> active):
  custom:framework-win-MediaFoundation: 216162199b28c13a410421893ffa2e32 -> 
  custom:video-decoder-ogg-theora: a1e56fd34408186e4bbccfd4996cb3dc -> 
  custom:container-muxer-webm: aa71ff27fc2769a1b78a27578f13a17b -> 
  custom:container-demuxer-webm: 4f35f7cbe854078d1ac9338744f61a02 -> 
  custom:container-demuxer-ogg: 62fdf1f143b41e24485cea50d1cbac27 -> 
  custom:video-encoder-webm-vp8: eb34c28f22e8b96e1ab97ce403110664 -> 
  custom:video-decoder-webm-vp8: 9c59270c3fd7afecdb556c50c9e8de78 -> 
  custom:audio-decoder-ogg-vorbis: bf7c407c2cedff20999df2af8eb42d56 -> 
  custom:audio-encoder-webm-vorbis: bf7c407c2cedff20999df2af8eb42d56 -> 
========================================================================
Received Prepare
Registering precompiled user dll's ...
Registered in 0.004385 seconds.
Begin MonoManager ReloadAssembly
Native extension for WindowsStandalone target not found
Refreshing native plugins compatible for Editor in 0.41 ms, found 3 plugins.
Preloading 0 native plugins for Editor in 0.00 ms.
Mono: successfully reloaded assembly
- Completed reload, in  0.911 seconds
Domain Reload Profiling:
	ReloadAssembly (912ms)
		BeginReloadAssembly (100ms)
			ExecutionOrderSort (0ms)
			DisableScriptedObjects (5ms)
			BackupInstance (0ms)
			ReleaseScriptingObjects (0ms)
			CreateAndSetChildDomain (27ms)
		EndReloadAssembly (756ms)
			LoadAssemblies (80ms)
			RebuildTransferFunctionScriptingTraits (0ms)
			SetupTypeCache (236ms)
			ReleaseScriptCaches (1ms)
			RebuildScriptCaches (37ms)
			SetupLoadedEditorAssemblies (318ms)
				LogAssemblyErrors (0ms)
				InitializePlatformSupportModulesInManaged (4ms)
				SetLoadedEditorAssemblies (0ms)
				RefreshPlugins (0ms)
				BeforeProcessingInitializeOnLoad (56ms)
				ProcessInitializeOnLoadAttributes (245ms)
				ProcessInitializeOnLoadMethodAttributes (5ms)
				AfterProcessingInitializeOnLoad (7ms)
				EditorAssembliesLoaded (0ms)
			ExecutionOrderSort2 (0ms)
			AwakeInstancesAfterBackupRestoration (9ms)
Platform modules already initialized, skipping
Refreshing native plugins compatible for Editor in 0.41 ms, found 3 plugins.
Preloading 0 native plugins for Editor in 0.00 ms.
Unloading 2083 Unused Serialized files (Serialized files now loaded: 0)
System memory in use before: 95.6 MB.
System memory in use after: 95.7 MB.

Unloading 17 unused Assets to reduce memory usage. Loaded Objects now: 2556.
Total: 3.127400 ms (FindLiveObjects: 0.206700 ms CreateObjectMapping: 0.060600 ms MarkObjects: 2.841000 ms  DeleteObjects: 0.018300 ms)

AssetImportParameters requested are different than current active one (requested -> active):
  custom:framework-win-MediaFoundation: 216162199b28c13a410421893ffa2e32 -> 
  custom:video-decoder-ogg-theora: a1e56fd34408186e4bbccfd4996cb3dc -> 
  custom:container-muxer-webm: aa71ff27fc2769a1b78a27578f13a17b -> 
  custom:container-demuxer-webm: 4f35f7cbe854078d1ac9338744f61a02 -> 
  custom:container-demuxer-ogg: 62fdf1f143b41e24485cea50d1cbac27 -> 
  custom:video-encoder-webm-vp8: eb34c28f22e8b96e1ab97ce403110664 -> 
  custom:video-decoder-webm-vp8: 9c59270c3fd7afecdb556c50c9e8de78 -> 
  custom:audio-decoder-ogg-vorbis: bf7c407c2cedff20999df2af8eb42d56 -> 
  custom:audio-encoder-webm-vorbis: bf7c407c2cedff20999df2af8eb42d56 -> 
========================================================================
Received Import Request.
  Time since last request: 221.624954 seconds.
  path: Assets/Scripts/CatController.cs
  artifactKey: Guid(0d9080bb7734cb44ea72d33f60aad826) Importer(815301076,1909f56bfc062723c751e8b465ee728b)
Start importing Assets/Scripts/CatController.cs using Guid(0d9080bb7734cb44ea72d33f60aad826) Importer(815301076,1909f56bfc062723c751e8b465ee728b)  -> (artifact id: '7d70499257b937ff8951b1f83b7ea45f') in 0.008377 seconds 
  Import took 0.012066 seconds .

========================================================================
Received Import Request.
  Time since last request: 38.539180 seconds.
  path: Assets/Scripts/quit.cs
  artifactKey: Guid(07e81f91089068541b1453a2d0f42315) Importer(815301076,1909f56bfc062723c751e8b465ee728b)
Start importing Assets/Scripts/quit.cs using Guid(07e81f91089068541b1453a2d0f42315) Importer(815301076,1909f56bfc062723c751e8b465ee728b)  -> (artifact id: 'cfa54721a68c5dde97601f67339b316e') in 0.003329 seconds 
  Import took 0.006637 seconds .

========================================================================
Received Import Request.
  Time since last request: 0.001041 seconds.
  path: Assets/Scripts/quit.cs
  artifactKey: Guid(07e81f91089068541b1453a2d0f42315) Importer(815301076,1909f56bfc062723c751e8b465ee728b)
Start importing Assets/Scripts/quit.cs using Guid(07e81f91089068541b1453a2d0f42315) Importer(815301076,1909f56bfc062723c751e8b465ee728b)  -> (artifact id: 'cfa54721a68c5dde97601f67339b316e') in 0.002922 seconds 
  Import took 0.006032 seconds .

========================================================================
Received Prepare
Registering precompiled user dll's ...
Registered in 0.004621 seconds.
Begin MonoManager ReloadAssembly
Native extension for WindowsStandalone target not found
Refreshing native plugins compatible for Editor in 0.48 ms, found 3 plugins.
Preloading 0 native plugins for Editor in 0.00 ms.
Mono: successfully reloaded assembly
- Completed reload, in  0.990 seconds
Domain Reload Profiling:
	ReloadAssembly (990ms)
		BeginReloadAssembly (102ms)
			ExecutionOrderSort (0ms)
			DisableScriptedObjects (6ms)
			BackupInstance (0ms)
			ReleaseScriptingObjects (0ms)
			CreateAndSetChildDomain (31ms)
		EndReloadAssembly (827ms)
			LoadAssemblies (82ms)
			RebuildTransferFunctionScriptingTraits (0ms)
			SetupTypeCache (240ms)
			ReleaseScriptCaches (1ms)
			RebuildScriptCaches (38ms)
			SetupLoadedEditorAssemblies (378ms)
				LogAssemblyErrors (0ms)
				InitializePlatformSupportModulesInManaged (4ms)
				SetLoadedEditorAssemblies (0ms)
				RefreshPlugins (1ms)
				BeforeProcessingInitializeOnLoad (55ms)
				ProcessInitializeOnLoadAttributes (304ms)
				ProcessInitializeOnLoadMethodAttributes (6ms)
				AfterProcessingInitializeOnLoad (8ms)
				EditorAssembliesLoaded (0ms)
			ExecutionOrderSort2 (0ms)
			AwakeInstancesAfterBackupRestoration (10ms)
Platform modules already initialized, skipping
Refreshing native plugins compatible for Editor in 0.41 ms, found 3 plugins.
Preloading 0 native plugins for Editor in 0.00 ms.
Unloading 2082 Unused Serialized files (Serialized files now loaded: 0)
System memory in use before: 95.6 MB.
System memory in use after: 95.7 MB.

Unloading 17 unused Assets to reduce memory usage. Loaded Objects now: 2558.
Total: 3.122000 ms (FindLiveObjects: 0.300100 ms CreateObjectMapping: 0.097400 ms MarkObjects: 2.702500 ms  DeleteObjects: 0.020500 ms)

AssetImportParameters requested are different than current active one (requested -> active):
  custom:framework-win-MediaFoundation: 216162199b28c13a410421893ffa2e32 -> 
  custom:video-decoder-ogg-theora: a1e56fd34408186e4bbccfd4996cb3dc -> 
  custom:container-muxer-webm: aa71ff27fc2769a1b78a27578f13a17b -> 
  custom:container-demuxer-webm: 4f35f7cbe854078d1ac9338744f61a02 -> 
  custom:container-demuxer-ogg: 62fdf1f143b41e24485cea50d1cbac27 -> 
  custom:video-encoder-webm-vp8: eb34c28f22e8b96e1ab97ce403110664 -> 
  custom:video-decoder-webm-vp8: 9c59270c3fd7afecdb556c50c9e8de78 -> 
  custom:audio-decoder-ogg-vorbis: bf7c407c2cedff20999df2af8eb42d56 -> 
  custom:audio-encoder-webm-vorbis: bf7c407c2cedff20999df2af8eb42d56 -> 
========================================================================
Received Prepare
Registering precompiled user dll's ...
Registered in 0.004210 seconds.
Begin MonoManager ReloadAssembly
Native extension for WindowsStandalone target not found
Refreshing native plugins compatible for Editor in 0.42 ms, found 3 plugins.
Preloading 0 native plugins for Editor in 0.00 ms.
Mono: successfully reloaded assembly
- Completed reload, in  0.944 seconds
Domain Reload Profiling:
	ReloadAssembly (944ms)
		BeginReloadAssembly (105ms)
			ExecutionOrderSort (0ms)
			DisableScriptedObjects (6ms)
			BackupInstance (0ms)
			ReleaseScriptingObjects (0ms)
			CreateAndSetChildDomain (30ms)
		EndReloadAssembly (784ms)
			LoadAssemblies (81ms)
			RebuildTransferFunctionScriptingTraits (0ms)
			SetupTypeCache (270ms)
			ReleaseScriptCaches (1ms)
			RebuildScriptCaches (36ms)
			SetupLoadedEditorAssemblies (309ms)
				LogAssemblyErrors (0ms)
				InitializePlatformSupportModulesInManaged (4ms)
				SetLoadedEditorAssemblies (0ms)
				RefreshPlugins (0ms)
				BeforeProcessingInitializeOnLoad (54ms)
				ProcessInitializeOnLoadAttributes (237ms)
				ProcessInitializeOnLoadMethodAttributes (5ms)
				AfterProcessingInitializeOnLoad (7ms)
				EditorAssembliesLoaded (0ms)
			ExecutionOrderSort2 (0ms)
			AwakeInstancesAfterBackupRestoration (10ms)
Platform modules already initialized, skipping
Refreshing native plugins compatible for Editor in 0.44 ms, found 3 plugins.
Preloading 0 native plugins for Editor in 0.00 ms.
Unloading 2083 Unused Serialized files (Serialized files now loaded: 0)
System memory in use before: 95.6 MB.
System memory in use after: 95.7 MB.

Unloading 16 unused Assets to reduce memory usage. Loaded Objects now: 2562.
Total: 2.856500 ms (FindLiveObjects: 0.244300 ms CreateObjectMapping: 0.068600 ms MarkObjects: 2.521100 ms  DeleteObjects: 0.020500 ms)

AssetImportParameters requested are different than current active one (requested -> active):
  custom:framework-win-MediaFoundation: 216162199b28c13a410421893ffa2e32 -> 
  custom:video-decoder-ogg-theora: a1e56fd34408186e4bbccfd4996cb3dc -> 
  custom:container-muxer-webm: aa71ff27fc2769a1b78a27578f13a17b -> 
  custom:container-demuxer-webm: 4f35f7cbe854078d1ac9338744f61a02 -> 
  custom:container-demuxer-ogg: 62fdf1f143b41e24485cea50d1cbac27 -> 
  custom:video-encoder-webm-vp8: eb34c28f22e8b96e1ab97ce403110664 -> 
  custom:video-decoder-webm-vp8: 9c59270c3fd7afecdb556c50c9e8de78 -> 
  custom:audio-decoder-ogg-vorbis: bf7c407c2cedff20999df2af8eb42d56 -> 
  custom:audio-encoder-webm-vorbis: bf7c407c2cedff20999df2af8eb42d56 -> 
========================================================================
Received Import Request.
  Time since last request: 325.105023 seconds.
  path: Assets/Scripts/CatController.cs
  artifactKey: Guid(0d9080bb7734cb44ea72d33f60aad826) Importer(815301076,1909f56bfc062723c751e8b465ee728b)
Start importing Assets/Scripts/CatController.cs using Guid(0d9080bb7734cb44ea72d33f60aad826) Importer(815301076,1909f56bfc062723c751e8b465ee728b)  -> (artifact id: '08aac57ac89d04cd0fb71e7d69a8d20e') in 0.004779 seconds 
  Import took 0.007824 seconds .

========================================================================
Received Import Request.
  Time since last request: 0.018874 seconds.
  path: Assets/Scripts/CatController.cs
  artifactKey: Guid(0d9080bb7734cb44ea72d33f60aad826) Importer(815301076,1909f56bfc062723c751e8b465ee728b)
Start importing Assets/Scripts/CatController.cs using Guid(0d9080bb7734cb44ea72d33f60aad826) Importer(815301076,1909f56bfc062723c751e8b465ee728b)  -> (artifact id: '08aac57ac89d04cd0fb71e7d69a8d20e') in 0.002508 seconds 
  Import took 0.006008 seconds .

========================================================================
Received Import Request.
  Time since last request: 660.797162 seconds.
  path: Assets/Animations/Idle (1).controller
  artifactKey: Guid(a35118eb529c8f549a253ef96e5d081d) Importer(815301076,1909f56bfc062723c751e8b465ee728b)
Start importing Assets/Animations/Idle (1).controller using Guid(a35118eb529c8f549a253ef96e5d081d) Importer(815301076,1909f56bfc062723c751e8b465ee728b)  -> (artifact id: '56cf6ad37517e20c8ac5dd490b54c754') in 0.016583 seconds 
  Import took 0.020361 seconds .

========================================================================
Received Prepare
Registering precompiled user dll's ...
Registered in 0.004278 seconds.
Begin MonoManager ReloadAssembly
Native extension for WindowsStandalone target not found
Refreshing native plugins compatible for Editor in 0.74 ms, found 3 plugins.
Preloading 0 native plugins for Editor in 0.00 ms.
Mono: successfully reloaded assembly
- Completed reload, in  1.208 seconds
Domain Reload Profiling:
	ReloadAssembly (1209ms)
		BeginReloadAssembly (113ms)
			ExecutionOrderSort (0ms)
			DisableScriptedObjects (7ms)
			BackupInstance (0ms)
			ReleaseScriptingObjects (0ms)
			CreateAndSetChildDomain (35ms)
		EndReloadAssembly (1032ms)
			LoadAssemblies (98ms)
			RebuildTransferFunctionScriptingTraits (0ms)
			SetupTypeCache (302ms)
			ReleaseScriptCaches (1ms)
			RebuildScriptCaches (60ms)
			SetupLoadedEditorAssemblies (417ms)
				LogAssemblyErrors (0ms)
				InitializePlatformSupportModulesInManaged (6ms)
				SetLoadedEditorAssemblies (0ms)
				RefreshPlugins (1ms)
				BeforeProcessingInitializeOnLoad (81ms)
				ProcessInitializeOnLoadAttributes (314ms)
				ProcessInitializeOnLoadMethodAttributes (6ms)
				AfterProcessingInitializeOnLoad (8ms)
				EditorAssembliesLoaded (0ms)
			ExecutionOrderSort2 (0ms)
			AwakeInstancesAfterBackupRestoration (10ms)
Platform modules already initialized, skipping
Refreshing native plugins compatible for Editor in 0.83 ms, found 3 plugins.
Preloading 0 native plugins for Editor in 0.00 ms.
Unloading 2083 Unused Serialized files (Serialized files now loaded: 0)
System memory in use before: 95.6 MB.
System memory in use after: 95.8 MB.

Unloading 16 unused Assets to reduce memory usage. Loaded Objects now: 2565.
Total: 3.843900 ms (FindLiveObjects: 0.430400 ms CreateObjectMapping: 0.164700 ms MarkObjects: 3.229200 ms  DeleteObjects: 0.018400 ms)

AssetImportParameters requested are different than current active one (requested -> active):
  custom:framework-win-MediaFoundation: 216162199b28c13a410421893ffa2e32 -> 
  custom:video-decoder-ogg-theora: a1e56fd34408186e4bbccfd4996cb3dc -> 
  custom:container-muxer-webm: aa71ff27fc2769a1b78a27578f13a17b -> 
  custom:container-demuxer-webm: 4f35f7cbe854078d1ac9338744f61a02 -> 
  custom:container-demuxer-ogg: 62fdf1f143b41e24485cea50d1cbac27 -> 
  custom:video-encoder-webm-vp8: eb34c28f22e8b96e1ab97ce403110664 -> 
  custom:video-decoder-webm-vp8: 9c59270c3fd7afecdb556c50c9e8de78 -> 
  custom:audio-decoder-ogg-vorbis: bf7c407c2cedff20999df2af8eb42d56 -> 
  custom:audio-encoder-webm-vorbis: bf7c407c2cedff20999df2af8eb42d56 -> 
========================================================================
Received Prepare
Refreshing native plugins compatible for Editor in 4.02 ms, found 3 plugins.
Preloading 0 native plugins for Editor in 0.00 ms.
Unloading 14 Unused Serialized files (Serialized files now loaded: 0)
System memory in use before: 54.8 MB.
System memory in use after: 54.9 MB.

Unloading 14 unused Assets to reduce memory usage. Loaded Objects now: 2565.
Total: 2.828200 ms (FindLiveObjects: 0.170600 ms CreateObjectMapping: 0.067500 ms MarkObjects: 2.576200 ms  DeleteObjects: 0.013100 ms)

AssetImportParameters requested are different than current active one (requested -> active):
  custom:framework-win-MediaFoundation: 216162199b28c13a410421893ffa2e32 -> 
  custom:video-decoder-ogg-theora: a1e56fd34408186e4bbccfd4996cb3dc -> 
  custom:container-muxer-webm: aa71ff27fc2769a1b78a27578f13a17b -> 
  custom:container-demuxer-webm: 4f35f7cbe854078d1ac9338744f61a02 -> 
  custom:container-demuxer-ogg: 62fdf1f143b41e24485cea50d1cbac27 -> 
  custom:video-encoder-webm-vp8: eb34c28f22e8b96e1ab97ce403110664 -> 
  custom:video-decoder-webm-vp8: 9c59270c3fd7afecdb556c50c9e8de78 -> 
  custom:audio-decoder-ogg-vorbis: bf7c407c2cedff20999df2af8eb42d56 -> 
  custom:audio-encoder-webm-vorbis: bf7c407c2cedff20999df2af8eb42d56 -> 
AssetImportWorkerClient::OnTransportError - code=2 error=End of file
